<?xml version="1.0" encoding="UTF-8"?>
<coverage generated="1605215382340" clover="3.2.0">
  <project timestamp="1605215382340" name="All files">
    <metrics statements="31" coveredstatements="31" conditionals="10" coveredconditionals="10" methods="2" coveredmethods="2" elements="43" coveredelements="43" complexity="0" loc="31" ncloc="31" packages="2" files="2" classes="2"/>
    <package name="components">
      <metrics statements="1" coveredstatements="1" conditionals="0" coveredconditionals="0" methods="0" coveredmethods="0"/>
      <file name="TicityCities.js" path="/Users/learnacademy/Desktop/ticity_app/app/javascript/components/TicityCities.js">
        <metrics statements="1" coveredstatements="1" conditionals="0" coveredconditionals="0" methods="0" coveredmethods="0"/>
        <line num="1" count="1" type="stmt"/>
      </file>
    </package>
    <package name="helpers">
      <metrics statements="30" coveredstatements="30" conditionals="10" coveredconditionals="10" methods="2" coveredmethods="2"/>
      <file name="find-cities.js" path="/Users/learnacademy/Desktop/ticity_app/app/javascript/helpers/find-cities.js">
        <metrics statements="30" coveredstatements="30" conditionals="10" coveredconditionals="10" methods="2" coveredmethods="2"/>
        <line num="1" count="1" type="stmt"/>
        <line num="2" count="14" type="stmt"/>
        <line num="3" count="14" type="stmt"/>
        <line num="4" count="14" type="stmt"/>
        <line num="5" count="14" type="stmt"/>
        <line num="6" count="14" type="stmt"/>
        <line num="7" count="14" type="stmt"/>
        <line num="9" count="14" type="stmt"/>
        <line num="11" count="910" type="stmt"/>
        <line num="13" count="17290" type="cond" truecount="2" falsecount="0"/>
        <line num="15" count="845" type="cond" truecount="2" falsecount="0"/>
        <line num="16" count="457" type="cond" truecount="2" falsecount="0"/>
        <line num="17" count="50" type="stmt"/>
        <line num="18" count="50" type="stmt"/>
        <line num="19" count="50" type="stmt"/>
        <line num="20" count="50" type="stmt"/>
        <line num="21" count="50" type="stmt"/>
        <line num="22" count="50" type="stmt"/>
        <line num="23" count="407" type="cond" truecount="2" falsecount="0"/>
        <line num="24" count="37" type="stmt"/>
        <line num="25" count="37" type="stmt"/>
        <line num="26" count="37" type="stmt"/>
        <line num="27" count="37" type="stmt"/>
        <line num="28" count="370" type="cond" truecount="2" falsecount="0"/>
        <line num="29" count="23" type="stmt"/>
        <line num="30" count="23" type="stmt"/>
        <line num="36" count="14" type="stmt"/>
        <line num="37" count="14" type="stmt"/>
        <line num="38" count="14" type="stmt"/>
        <line num="39" count="14" type="stmt"/>
      </file>
    </package>
  </project>
</coverage>
