{"/Users/learnacademy/Desktop/ticity_app/app/javascript/components/TicityCities.js": {"path":"/Users/learnacademy/Desktop/ticity_app/app/javascript/components/TicityCities.js","statementMap":{"0":{"start":{"line":1,"column":15},"end":{"line":1373,"column":1}}},"fnMap":{},"branchMap":{},"s":{"0":1},"f":{},"b":{},"_coverageSchema":"1a1c01bbd47fc00a2c39e90264f33305004495a9","hash":"2ddbf27cef62dcab864bd2379f86d1af7d1ee594"}
,"/Users/learnacademy/Desktop/ticity_app/app/javascript/helpers/find-cities.js": {"path":"/Users/learnacademy/Desktop/ticity_app/app/javascript/helpers/find-cities.js","statementMap":{"0":{"start":{"line":1,"column":19},"end":{"line":40,"column":1}},"1":{"start":{"line":2,"column":16},"end":{"line":2,"column":18}},"2":{"start":{"line":3,"column":19},"end":{"line":3,"column":21}},"3":{"start":{"line":4,"column":18},"end":{"line":4,"column":20}},"4":{"start":{"line":5,"column":17},"end":{"line":5,"column":20}},"5":{"start":{"line":6,"column":20},"end":{"line":6,"column":23}},"6":{"start":{"line":7,"column":19},"end":{"line":7,"column":22}},"7":{"start":{"line":9,"column":2},"end":{"line":35,"column":5}},"8":{"start":{"line":11,"column":4},"end":{"line":34,"column":5}},"9":{"start":{"line":13,"column":6},"end":{"line":33,"column":7}},"10":{"start":{"line":15,"column":8},"end":{"line":32,"column":9}},"11":{"start":{"line":16,"column":10},"end":{"line":31,"column":11}},"12":{"start":{"line":17,"column":12},"end":{"line":17,"column":37}},"13":{"start":{"line":18,"column":12},"end":{"line":18,"column":35}},"14":{"start":{"line":19,"column":12},"end":{"line":19,"column":34}},"15":{"start":{"line":20,"column":12},"end":{"line":20,"column":35}},"16":{"start":{"line":21,"column":12},"end":{"line":21,"column":33}},"17":{"start":{"line":22,"column":12},"end":{"line":22,"column":33}},"18":{"start":{"line":23,"column":17},"end":{"line":31,"column":11}},"19":{"start":{"line":24,"column":12},"end":{"line":24,"column":37}},"20":{"start":{"line":25,"column":12},"end":{"line":25,"column":37}},"21":{"start":{"line":26,"column":12},"end":{"line":26,"column":35}},"22":{"start":{"line":27,"column":12},"end":{"line":27,"column":36}},"23":{"start":{"line":28,"column":17},"end":{"line":31,"column":11}},"24":{"start":{"line":29,"column":12},"end":{"line":29,"column":36}},"25":{"start":{"line":30,"column":12},"end":{"line":30,"column":35}},"26":{"start":{"line":36,"column":2},"end":{"line":36,"column":26}},"27":{"start":{"line":37,"column":2},"end":{"line":37,"column":29}},"28":{"start":{"line":38,"column":2},"end":{"line":38,"column":28}},"29":{"start":{"line":39,"column":2},"end":{"line":39,"column":14}}},"fnMap":{"0":{"name":"(anonymous_0)","decl":{"start":{"line":1,"column":19},"end":{"line":1,"column":20}},"loc":{"start":{"line":1,"column":63},"end":{"line":40,"column":1}},"line":1},"1":{"name":"(anonymous_1)","decl":{"start":{"line":9,"column":18},"end":{"line":9,"column":19}},"loc":{"start":{"line":9,"column":29},"end":{"line":35,"column":3}},"line":9}},"branchMap":{"0":{"loc":{"start":{"line":13,"column":6},"end":{"line":33,"column":7}},"type":"if","locations":[{"start":{"line":13,"column":6},"end":{"line":33,"column":7}},{"start":{"line":13,"column":6},"end":{"line":33,"column":7}}],"line":13},"1":{"loc":{"start":{"line":15,"column":8},"end":{"line":32,"column":9}},"type":"if","locations":[{"start":{"line":15,"column":8},"end":{"line":32,"column":9}},{"start":{"line":15,"column":8},"end":{"line":32,"column":9}}],"line":15},"2":{"loc":{"start":{"line":16,"column":10},"end":{"line":31,"column":11}},"type":"if","locations":[{"start":{"line":16,"column":10},"end":{"line":31,"column":11}},{"start":{"line":16,"column":10},"end":{"line":31,"column":11}}],"line":16},"3":{"loc":{"start":{"line":23,"column":17},"end":{"line":31,"column":11}},"type":"if","locations":[{"start":{"line":23,"column":17},"end":{"line":31,"column":11}},{"start":{"line":23,"column":17},"end":{"line":31,"column":11}}],"line":23},"4":{"loc":{"start":{"line":28,"column":17},"end":{"line":31,"column":11}},"type":"if","locations":[{"start":{"line":28,"column":17},"end":{"line":31,"column":11}},{"start":{"line":28,"column":17},"end":{"line":31,"column":11}}],"line":28}},"s":{"0":1,"1":14,"2":14,"3":14,"4":14,"5":14,"6":14,"7":14,"8":910,"9":17290,"10":845,"11":457,"12":50,"13":50,"14":50,"15":50,"16":50,"17":50,"18":407,"19":37,"20":37,"21":37,"22":37,"23":370,"24":23,"25":23,"26":14,"27":14,"28":14,"29":14},"f":{"0":14,"1":910},"b":{"0":[845,16445],"1":[457,388],"2":[50,407],"3":[37,370],"4":[23,347]},"_coverageSchema":"1a1c01bbd47fc00a2c39e90264f33305004495a9","hash":"27426596040fe26a170dce593877974e2ba843b6"}
}
