TN:
SF:app/javascript/components/TicityCities.js
FNF:0
FNH:0
DA:1,1
LF:1
LH:1
BRF:0
BRH:0
end_of_record
TN:
SF:app/javascript/helpers/find-cities.js
FN:1,(anonymous_0)
FN:9,(anonymous_1)
FNF:2
FNH:2
FNDA:14,(anonymous_0)
FNDA:910,(anonymous_1)
DA:1,1
DA:2,14
DA:3,14
DA:4,14
DA:5,14
DA:6,14
DA:7,14
DA:9,14
DA:11,910
DA:13,17290
DA:15,845
DA:16,457
DA:17,50
DA:18,50
DA:19,50
DA:20,50
DA:21,50
DA:22,50
DA:23,407
DA:24,37
DA:25,37
DA:26,37
DA:27,37
DA:28,370
DA:29,23
DA:30,23
DA:36,14
DA:37,14
DA:38,14
DA:39,14
LF:30
LH:30
BRDA:13,0,0,845
BRDA:13,0,1,16445
BRDA:15,1,0,457
BRDA:15,1,1,388
BRDA:16,2,0,50
BRDA:16,2,1,407
BRDA:23,3,0,37
BRDA:23,3,1,370
BRDA:28,4,0,23
BRDA:28,4,1,347
BRF:10
BRH:10
end_of_record
